2019-06-27 11:20:17,860 INFO osmnx Configured osmnx
2019-06-27 11:20:22,444 INFO osmnx Converting node and edge attribute data types
2019-06-27 11:20:22,520 INFO osmnx Loaded graph with 1,389 nodes and 3,900 edges in 0.28 seconds from "outputs/soho.graphml"
2019-06-27 11:20:23,666 INFO osmnx Begin plotting the graph...
2019-06-27 11:20:23,791 INFO osmnx Created GeoDataFrame "unnamed_edges" from graph in 0.12 seconds
2019-06-27 11:20:23,998 INFO osmnx Drew the graph edges in 0.07 seconds
2019-06-27 11:20:24,268 INFO osmnx Showed the plot in 0.21 seconds
2019-06-27 11:20:33,110 INFO osmnx Found nearest node (25473293) to point (51.513341, -0.136668) in 0.01 seconds
2019-06-27 11:20:33,121 INFO osmnx Found nearest node (21665926) to point (51.513876, -0.139586) in 0.01 seconds
2019-06-27 11:20:33,130 INFO osmnx Found nearest node (4684520654) to point (51.514905999999996, -0.13967100000000002) in 0.01 seconds
2019-06-27 11:20:33,138 INFO osmnx Found nearest node (107807) to point (51.512353999999995, -0.13163) in 0.01 seconds
2019-06-27 11:20:33,145 INFO osmnx Found nearest node (348875443) to point (51.512139000000005, -0.13359400000000002) in 0.01 seconds
2019-06-27 11:20:33,151 INFO osmnx Found nearest node (25473300) to point (51.511542, -0.135919) in 0.01 seconds
2019-06-27 11:20:33,158 INFO osmnx Found nearest node (1663004187) to point (51.510019, -0.133962) in 0.01 seconds
2019-06-27 11:20:33,164 INFO osmnx Found nearest node (25257692) to point (51.511295000000004, -0.138199) in 0.01 seconds
2019-06-27 11:20:42,452 INFO osmnx Found nearest node (25501340) to point (51.513418, -0.13793) in 0.02 seconds
2019-06-27 11:20:42,459 INFO osmnx Found nearest node (25501340) to point (51.513360999999996, -0.137883) in 0.01 seconds
2019-06-27 11:20:42,466 INFO osmnx Found nearest node (701600719) to point (51.513317, -0.137853) in 0.01 seconds
2019-06-27 11:20:42,472 INFO osmnx Found nearest node (701600719) to point (51.513262, -0.137812) in 0.01 seconds
2019-06-27 11:20:42,479 INFO osmnx Found nearest node (701600719) to point (51.513203999999995, -0.137767) in 0.01 seconds
2019-06-27 11:20:42,485 INFO osmnx Found nearest node (701600731) to point (51.513184, -0.137537) in 0.01 seconds
2019-06-27 11:20:42,492 INFO osmnx Found nearest node (25501330) to point (51.513359, -0.1382) in 0.01 seconds
2019-06-27 11:20:42,498 INFO osmnx Found nearest node (25501340) to point (51.513328, -0.138045) in 0.01 seconds
2019-06-27 11:20:42,504 INFO osmnx Found nearest node (25501330) to point (51.513323, -0.138276) in 0.01 seconds
2019-06-27 11:20:42,511 INFO osmnx Found nearest node (25501340) to point (51.513427, -0.138223) in 0.01 seconds
2019-06-27 11:20:42,517 INFO osmnx Found nearest node (25501330) to point (51.513381, -0.138337) in 0.01 seconds
2019-06-27 11:20:42,523 INFO osmnx Found nearest node (25501328) to point (51.513462, -0.13856300000000002) in 0.01 seconds
2019-06-27 11:20:42,530 INFO osmnx Found nearest node (25501330) to point (51.513216, -0.138426) in 0.01 seconds
2019-06-27 11:20:42,536 INFO osmnx Found nearest node (25501330) to point (51.513169, -0.138378) in 0.01 seconds
2019-06-27 11:20:42,542 INFO osmnx Found nearest node (2784682639) to point (51.513116, -0.138337) in 0.01 seconds
2019-06-27 11:20:42,549 INFO osmnx Found nearest node (21665930) to point (51.51324, -0.13864500000000002) in 0.01 seconds
2019-06-27 11:20:42,555 INFO osmnx Found nearest node (21665930) to point (51.513164, -0.138698) in 0.01 seconds
2019-06-27 11:20:42,561 INFO osmnx Found nearest node (701600719) to point (51.513178, -0.137924) in 0.01 seconds
2019-06-27 11:20:42,567 INFO osmnx Found nearest node (701600719) to point (51.513111, -0.13786500000000002) in 0.01 seconds
2019-06-27 11:20:42,573 INFO osmnx Found nearest node (108072) to point (51.513055, -0.137811) in 0.01 seconds
2019-06-27 11:20:42,579 INFO osmnx Found nearest node (25501328) to point (51.513441, -0.138762) in 0.01 seconds
2019-06-27 11:20:42,585 INFO osmnx Found nearest node (25501325) to point (51.513591999999996, -0.138799) in 0.01 seconds
2019-06-27 11:20:42,591 INFO osmnx Found nearest node (21665931) to point (51.513402, -0.139045) in 0.01 seconds
2019-06-27 11:20:42,598 INFO osmnx Found nearest node (21665931) to point (51.51338, -0.13897) in 0.01 seconds
2019-06-27 11:20:42,604 INFO osmnx Found nearest node (21665931) to point (51.513411, -0.13886300000000001) in 0.01 seconds
2019-06-27 11:20:42,611 INFO osmnx Found nearest node (25501325) to point (51.513641, -0.138752) in 0.01 seconds
2019-06-27 11:20:42,617 INFO osmnx Found nearest node (25501325) to point (51.513692999999996, -0.138808) in 0.01 seconds
2019-06-27 11:20:42,623 INFO osmnx Found nearest node (25501320) to point (51.513745, -0.138856) in 0.01 seconds
2019-06-27 11:20:42,629 INFO osmnx Found nearest node (25501325) to point (51.513676000000004, -0.13888699999999998) in 0.01 seconds
2019-06-27 11:20:42,636 INFO osmnx Found nearest node (4233926316) to point (51.51359, -0.139239) in 0.01 seconds
2019-06-27 11:20:42,642 INFO osmnx Found nearest node (4233926316) to point (51.513663, -0.139321) in 0.01 seconds
2019-06-27 11:20:42,649 INFO osmnx Found nearest node (21665929) to point (51.513502, -0.139316) in 0.01 seconds
2019-06-27 11:20:42,655 INFO osmnx Found nearest node (4233926316) to point (51.513583000000004, -0.13961600000000002) in 0.01 seconds
2019-06-27 11:20:42,661 INFO osmnx Found nearest node (4233926316) to point (51.513541, -0.139719) in 0.01 seconds
2019-06-27 11:20:42,668 INFO osmnx Found nearest node (25473375) to point (51.513298, -0.140074) in 0.01 seconds
2019-06-27 11:20:42,675 INFO osmnx Found nearest node (21665931) to point (51.513290999999995, -0.139094) in 0.01 seconds
2019-06-27 11:20:42,681 INFO osmnx Found nearest node (25473373) to point (51.513013, -0.13969700000000002) in 0.01 seconds
2019-06-27 11:20:42,687 INFO osmnx Found nearest node (25473373) to point (51.512965, -0.139327) in 0.01 seconds
2019-06-27 11:20:42,694 INFO osmnx Found nearest node (25473373) to point (51.512893, -0.139317) in 0.01 seconds
2019-06-27 11:20:42,700 INFO osmnx Found nearest node (25473373) to point (51.512964000000004, -0.13918699999999998) in 0.01 seconds
2019-06-27 11:20:42,706 INFO osmnx Found nearest node (21665930) to point (51.513025, -0.139036) in 0.01 seconds
2019-06-27 11:20:42,713 INFO osmnx Found nearest node (21665930) to point (51.513027, -0.139209) in 0.01 seconds
2019-06-27 11:20:42,719 INFO osmnx Found nearest node (2784434327) to point (51.512831, -0.138427) in 0.01 seconds
2019-06-27 11:20:42,725 INFO osmnx Found nearest node (2784434327) to point (51.512885, -0.138624) in 0.01 seconds
2019-06-27 11:20:42,732 INFO osmnx Found nearest node (25473513) to point (51.512526, -0.138096) in 0.01 seconds
2019-06-27 11:20:42,738 INFO osmnx Found nearest node (25473512) to point (51.512465, -0.138035) in 0.01 seconds
2019-06-27 11:20:42,744 INFO osmnx Found nearest node (25473512) to point (51.512428, -0.137984) in 0.01 seconds
2019-06-27 11:20:42,750 INFO osmnx Found nearest node (25473512) to point (51.512415000000004, -0.13806500000000002) in 0.01 seconds
2019-06-27 11:20:42,757 INFO osmnx Found nearest node (25473513) to point (51.51251, -0.138194) in 0.01 seconds
2019-06-27 11:20:42,763 INFO osmnx Found nearest node (25473512) to point (51.512378000000005, -0.137818) in 0.01 seconds
2019-06-27 11:20:42,770 INFO osmnx Found nearest node (25473288) to point (51.512446999999995, -0.137656) in 0.01 seconds
2019-06-27 11:20:42,776 INFO osmnx Found nearest node (25473288) to point (51.512491, -0.13758399999999998) in 0.01 seconds
2019-06-27 11:20:42,782 INFO osmnx Found nearest node (25473288) to point (51.512374, -0.13765) in 0.01 seconds
2019-06-27 11:20:42,789 INFO osmnx Found nearest node (25473288) to point (51.512339000000004, -0.13745) in 0.01 seconds
2019-06-27 11:20:42,795 INFO osmnx Found nearest node (25473288) to point (51.512364, -0.137376) in 0.01 seconds
2019-06-27 11:20:42,802 INFO osmnx Found nearest node (25473288) to point (51.512319, -0.137327) in 0.01 seconds
2019-06-27 11:20:42,808 INFO osmnx Found nearest node (25473556) to point (51.51254, -0.13698) in 0.01 seconds
2019-06-27 11:20:42,815 INFO osmnx Found nearest node (734320209) to point (51.512648999999996, -0.13718) in 0.01 seconds
2019-06-27 11:20:42,822 INFO osmnx Found nearest node (25473556) to point (51.512692, -0.137052) in 0.01 seconds
2019-06-27 11:20:42,828 INFO osmnx Found nearest node (108072) to point (51.512957, -0.137695) in 0.01 seconds
2019-06-27 11:20:42,835 INFO osmnx Found nearest node (2784682598) to point (51.512765, -0.137533) in 0.01 seconds
2019-06-27 11:20:42,841 INFO osmnx Found nearest node (2784682598) to point (51.51278, -0.137419) in 0.01 seconds
2019-06-27 11:20:42,847 INFO osmnx Found nearest node (2784682598) to point (51.512726, -0.13736800000000002) in 0.01 seconds
2019-06-27 11:20:42,854 INFO osmnx Found nearest node (2784682598) to point (51.512681, -0.137325) in 0.01 seconds
2019-06-27 11:20:42,860 INFO osmnx Found nearest node (2784682613) to point (51.512914, -0.137531) in 0.01 seconds
2019-06-27 11:20:42,867 INFO osmnx Found nearest node (108072) to point (51.513046, -0.137562) in 0.01 seconds
2019-06-27 11:20:42,873 INFO osmnx Found nearest node (108072) to point (51.513073999999996, -0.137466) in 0.01 seconds
2019-06-27 11:20:42,880 INFO osmnx Found nearest node (108072) to point (51.513087, -0.13738599999999998) in 0.01 seconds
2019-06-27 11:20:42,886 INFO osmnx Found nearest node (25501289) to point (51.513121999999996, -0.13730599999999998) in 0.01 seconds
2019-06-27 11:20:42,893 INFO osmnx Found nearest node (25501289) to point (51.513187, -0.13708900000000002) in 0.01 seconds
2019-06-27 11:20:42,899 INFO osmnx Found nearest node (25501289) to point (51.513214000000005, -0.136996) in 0.01 seconds
2019-06-27 11:20:42,906 INFO osmnx Found nearest node (25501289) to point (51.513249, -0.13685899999999998) in 0.01 seconds
2019-06-27 11:20:42,913 INFO osmnx Found nearest node (25501289) to point (51.513271, -0.136778) in 0.01 seconds
2019-06-27 11:20:42,919 INFO osmnx Found nearest node (25473293) to point (51.5133, -0.136705) in 0.01 seconds
2019-06-27 11:20:42,926 INFO osmnx Found nearest node (25473293) to point (51.51316, -0.136493) in 0.01 seconds
2019-06-27 11:20:42,932 INFO osmnx Found nearest node (25473408) to point (51.513016, -0.13633) in 0.01 seconds
2019-06-27 11:20:42,938 INFO osmnx Found nearest node (25475478) to point (51.512921, -0.136424) in 0.01 seconds
2019-06-27 11:20:42,945 INFO osmnx Found nearest node (25475478) to point (51.512890000000006, -0.136523) in 0.01 seconds
2019-06-27 11:20:42,952 INFO osmnx Found nearest node (25475478) to point (51.512859000000006, -0.136599) in 0.01 seconds
2019-06-27 11:20:42,958 INFO osmnx Found nearest node (25475478) to point (51.51283, -0.136699) in 0.01 seconds
2019-06-27 11:20:42,964 INFO osmnx Found nearest node (25473556) to point (51.512782, -0.136819) in 0.01 seconds
2019-06-27 11:20:42,971 INFO osmnx Found nearest node (25473556) to point (51.512729, -0.136973) in 0.01 seconds
2019-06-27 11:20:42,977 INFO osmnx Found nearest node (25473408) to point (51.512868, -0.13635799999999998) in 0.01 seconds
2019-06-27 11:20:42,984 INFO osmnx Found nearest node (25475478) to point (51.512723, -0.13663) in 0.01 seconds
2019-06-27 11:20:42,990 INFO osmnx Found nearest node (25475478) to point (51.512654, -0.13658399999999998) in 0.01 seconds
2019-06-27 11:20:42,996 INFO osmnx Found nearest node (25475478) to point (51.512713, -0.136423) in 0.01 seconds
2019-06-27 11:20:43,003 INFO osmnx Found nearest node (25475478) to point (51.512615000000004, -0.136345) in 0.01 seconds
2019-06-27 11:20:43,009 INFO osmnx Found nearest node (4739043743) to point (51.512491, -0.136437) in 0.01 seconds
2019-06-27 11:20:43,016 INFO osmnx Found nearest node (4739043743) to point (51.512449, -0.136377) in 0.01 seconds
2019-06-27 11:20:43,023 INFO osmnx Found nearest node (4731047383) to point (51.512465, -0.136197) in 0.01 seconds
2019-06-27 11:20:43,030 INFO osmnx Found nearest node (4739043743) to point (51.512413, -0.136142) in 0.01 seconds
2019-06-27 11:20:43,037 INFO osmnx Found nearest node (5518619474) to point (51.512358, -0.136102) in 0.01 seconds
2019-06-27 11:20:43,043 INFO osmnx Found nearest node (5518619474) to point (51.512271000000005, -0.13602999999999998) in 0.01 seconds
2019-06-27 11:20:43,050 INFO osmnx Found nearest node (4739043743) to point (51.512355, -0.13631) in 0.01 seconds
2019-06-27 11:20:43,056 INFO osmnx Found nearest node (5518619474) to point (51.511990999999995, -0.13594) in 0.01 seconds
2019-06-27 11:20:43,062 INFO osmnx Found nearest node (5518619474) to point (51.512083000000004, -0.135858) in 0.01 seconds
2019-06-27 11:20:43,069 INFO osmnx Found nearest node (5518619474) to point (51.512031, -0.1358) in 0.01 seconds
2019-06-27 11:20:43,076 INFO osmnx Found nearest node (5518619474) to point (51.51197, -0.135717) in 0.01 seconds
2019-06-27 11:20:43,083 INFO osmnx Found nearest node (25473291) to point (51.511882, -0.13511900000000002) in 0.01 seconds
2019-06-27 11:20:43,089 INFO osmnx Found nearest node (4731047369) to point (51.51205, -0.13514400000000001) in 0.01 seconds
2019-06-27 11:20:43,096 INFO osmnx Found nearest node (4731047333) to point (51.51225, -0.13539400000000001) in 0.01 seconds
2019-06-27 11:20:43,102 INFO osmnx Found nearest node (4731047332) to point (51.512162, -0.135409) in 0.01 seconds
2019-06-27 11:20:43,109 INFO osmnx Found nearest node (4731047332) to point (51.512212, -0.135472) in 0.01 seconds
2019-06-27 11:20:43,115 INFO osmnx Found nearest node (4731047386) to point (51.512572999999996, -0.135765) in 0.01 seconds
2019-06-27 11:20:43,121 INFO osmnx Found nearest node (4731047383) to point (51.512575, -0.135871) in 0.01 seconds
2019-06-27 11:20:43,128 INFO osmnx Found nearest node (4731047383) to point (51.512671999999995, -0.13597599999999999) in 0.01 seconds
2019-06-27 11:20:43,135 INFO osmnx Found nearest node (4731047383) to point (51.512727000000005, -0.136033) in 0.01 seconds
2019-06-27 11:20:43,141 INFO osmnx Found nearest node (4731047383) to point (51.512794, -0.136115) in 0.01 seconds
2019-06-27 11:20:43,148 INFO osmnx Found nearest node (25473408) to point (51.512846, -0.13618) in 0.01 seconds
2019-06-27 11:20:43,154 INFO osmnx Found nearest node (25473408) to point (51.512879, -0.13608299999999998) in 0.01 seconds
2019-06-27 11:20:43,160 INFO osmnx Found nearest node (25473408) to point (51.512939, -0.136139) in 0.01 seconds
2019-06-27 11:20:43,167 INFO osmnx Found nearest node (4730390165) to point (51.512765, -0.135329) in 0.01 seconds
2019-06-27 11:20:43,174 INFO osmnx Found nearest node (1330788629) to point (51.512844, -0.135122) in 0.01 seconds
2019-06-27 11:20:43,180 INFO osmnx Found nearest node (4730390156) to point (51.512532, -0.13464500000000001) in 0.01 seconds
2019-06-27 11:20:43,186 INFO osmnx Found nearest node (6065422037) to point (51.512198, -0.134522) in 0.01 seconds
2019-06-27 11:20:43,193 INFO osmnx Found nearest node (1493424644) to point (51.512215000000005, -0.134967) in 0.01 seconds
2019-06-27 11:20:43,199 INFO osmnx Found nearest node (1330788578) to point (51.513154, -0.135098) in 0.01 seconds
2019-06-27 11:20:43,206 INFO osmnx Found nearest node (772092173) to point (51.513056, -0.134394) in 0.01 seconds
2019-06-27 11:20:43,212 INFO osmnx Found nearest node (772092173) to point (51.513165, -0.13450499999999999) in 0.01 seconds
2019-06-27 11:20:43,219 INFO osmnx Found nearest node (772092173) to point (51.513098, -0.134437) in 0.01 seconds
2019-06-27 11:20:43,225 INFO osmnx Found nearest node (772092173) to point (51.513238, -0.13459400000000002) in 0.01 seconds
2019-06-27 11:20:43,232 INFO osmnx Found nearest node (25502540) to point (51.513293, -0.13464) in 0.01 seconds
2019-06-27 11:20:43,238 INFO osmnx Found nearest node (25502540) to point (51.513379, -0.134709) in 0.01 seconds
2019-06-27 11:20:43,245 INFO osmnx Found nearest node (26845547) to point (51.513431, -0.134756) in 0.01 seconds
2019-06-27 11:20:43,251 INFO osmnx Found nearest node (26845546) to point (51.513475, -0.135244) in 0.01 seconds
2019-06-27 11:20:43,258 INFO osmnx Found nearest node (26845547) to point (51.513422, -0.134897) in 0.01 seconds
2019-06-27 11:20:43,264 INFO osmnx Found nearest node (26845546) to point (51.513528, -0.135158) in 0.01 seconds
2019-06-27 11:20:43,270 INFO osmnx Found nearest node (26845546) to point (51.513481, -0.135344) in 0.01 seconds
2019-06-27 11:20:43,277 INFO osmnx Found nearest node (26845547) to point (51.513594, -0.13506300000000002) in 0.01 seconds
2019-06-27 11:20:43,283 INFO osmnx Found nearest node (25473409) to point (51.513227, -0.135801) in 0.01 seconds
2019-06-27 11:20:43,289 INFO osmnx Found nearest node (25473409) to point (51.51318, -0.135762) in 0.01 seconds
2019-06-27 11:20:43,296 INFO osmnx Found nearest node (25473409) to point (51.513132, -0.13574) in 0.01 seconds
2019-06-27 11:20:43,302 INFO osmnx Found nearest node (25473409) to point (51.513048, -0.13564500000000002) in 0.01 seconds
2019-06-27 11:20:43,309 INFO osmnx Found nearest node (25473409) to point (51.513006, -0.135602) in 0.01 seconds
2019-06-27 11:20:43,315 INFO osmnx Found nearest node (1330788638) to point (51.512883, -0.135501) in 0.01 seconds
2019-06-27 11:20:43,321 INFO osmnx Found nearest node (25473409) to point (51.51327, -0.13583199999999998) in 0.01 seconds
2019-06-27 11:20:43,327 INFO osmnx Found nearest node (21666010) to point (51.513459000000005, -0.136049) in 0.01 seconds
2019-06-27 11:20:43,334 INFO osmnx Found nearest node (108073) to point (51.513431, -0.13614) in 0.01 seconds
2019-06-27 11:20:43,340 INFO osmnx Found nearest node (108073) to point (51.513402, -0.136228) in 0.01 seconds
2019-06-27 11:20:43,347 INFO osmnx Found nearest node (4730390419) to point (51.512593, -0.134999) in 0.01 seconds
2019-06-27 11:20:43,354 INFO osmnx Found nearest node (4730390416) to point (51.512584999999994, -0.134793) in 0.01 seconds
2019-06-27 11:20:43,360 INFO osmnx Found nearest node (4730390419) to point (51.512555, -0.13489600000000002) in 0.01 seconds
2019-06-27 11:20:43,367 INFO osmnx Found nearest node (4730390419) to point (51.512521, -0.135) in 0.01 seconds
2019-06-27 11:20:43,373 INFO osmnx Found nearest node (5453319327) to point (51.513137, -0.133483) in 0.01 seconds
2019-06-27 11:20:43,379 INFO osmnx Found nearest node (25502552) to point (51.513228000000005, -0.13326500000000002) in 0.01 seconds
2019-06-27 11:20:43,386 INFO osmnx Found nearest node (5453319327) to point (51.513152000000005, -0.133296) in 0.01 seconds
2019-06-27 11:20:43,392 INFO osmnx Found nearest node (25502552) to point (51.513258, -0.132933) in 0.01 seconds
2019-06-27 11:20:43,399 INFO osmnx Found nearest node (25502540) to point (51.513544, -0.133998) in 0.01 seconds
2019-06-27 11:20:43,405 INFO osmnx Found nearest node (25502540) to point (51.513626, -0.134042) in 0.01 seconds
2019-06-27 11:20:43,411 INFO osmnx Found nearest node (25502540) to point (51.513637, -0.134156) in 0.01 seconds
2019-06-27 11:20:43,418 INFO osmnx Found nearest node (25502540) to point (51.513524, -0.13409100000000002) in 0.01 seconds
2019-06-27 11:20:43,424 INFO osmnx Found nearest node (26845551) to point (51.51382, -0.134272) in 0.01 seconds
2019-06-27 11:20:43,431 INFO osmnx Found nearest node (26845551) to point (51.513723999999996, -0.13422) in 0.01 seconds
2019-06-27 11:20:43,437 INFO osmnx Found nearest node (26845547) to point (51.513704, -0.134704) in 0.01 seconds
2019-06-27 11:20:43,444 INFO osmnx Found nearest node (25502541) to point (51.513831, -0.13478199999999999) in 0.01 seconds
2019-06-27 11:20:43,450 INFO osmnx Found nearest node (9512930) to point (51.513915000000004, -0.13501) in 0.01 seconds
2019-06-27 11:20:43,457 INFO osmnx Found nearest node (26845547) to point (51.513597, -0.13492300000000002) in 0.01 seconds
2019-06-27 11:20:43,463 INFO osmnx Found nearest node (25502541) to point (51.514032, -0.13488499999999998) in 0.01 seconds
2019-06-27 11:20:43,469 INFO osmnx Found nearest node (26845551) to point (51.513891, -0.134212) in 0.01 seconds
2019-06-27 11:20:43,476 INFO osmnx Found nearest node (26845551) to point (51.513758, -0.134135) in 0.01 seconds
2019-06-27 11:20:43,482 INFO osmnx Found nearest node (9512926) to point (51.514065, -0.134364) in 0.01 seconds
2019-06-27 11:20:43,489 INFO osmnx Found nearest node (9512926) to point (51.514146000000004, -0.134447) in 0.01 seconds
2019-06-27 11:20:43,495 INFO osmnx Found nearest node (25501063) to point (51.514201, -0.134479) in 0.01 seconds
2019-06-27 11:20:43,501 INFO osmnx Found nearest node (25501063) to point (51.51423, -0.134658) in 0.01 seconds
2019-06-27 11:20:43,508 INFO osmnx Found nearest node (26845553) to point (51.514319, -0.13436700000000001) in 0.01 seconds
2019-06-27 11:20:43,515 INFO osmnx Found nearest node (26845553) to point (51.514377, -0.134179) in 0.01 seconds
2019-06-27 11:20:43,522 INFO osmnx Found nearest node (26845553) to point (51.514357000000004, -0.13416) in 0.01 seconds
2019-06-27 11:20:43,528 INFO osmnx Found nearest node (26845553) to point (51.514382, -0.134069) in 0.01 seconds
2019-06-27 11:20:43,534 INFO osmnx Found nearest node (26845553) to point (51.514402000000004, -0.13408499999999998) in 0.01 seconds
2019-06-27 11:20:43,541 INFO osmnx Found nearest node (21665319) to point (51.514522, -0.133821) in 0.01 seconds
2019-06-27 11:20:43,547 INFO osmnx Found nearest node (26845553) to point (51.514497, -0.133922) in 0.01 seconds
2019-06-27 11:20:43,554 INFO osmnx Found nearest node (26845553) to point (51.514472, -0.13385) in 0.01 seconds
2019-06-27 11:20:43,560 INFO osmnx Found nearest node (21665319) to point (51.514503999999995, -0.133725) in 0.01 seconds
2019-06-27 11:20:43,566 INFO osmnx Found nearest node (21665319) to point (51.514546, -0.133745) in 0.01 seconds
2019-06-27 11:20:43,573 INFO osmnx Found nearest node (21665319) to point (51.514561, -0.133676) in 0.01 seconds
2019-06-27 11:20:43,579 INFO osmnx Found nearest node (25501064) to point (51.514594, -0.13356300000000002) in 0.01 seconds
2019-06-27 11:20:43,585 INFO osmnx Found nearest node (25501064) to point (51.514581, -0.133467) in 0.01 seconds
2019-06-27 11:20:43,592 INFO osmnx Found nearest node (25501064) to point (51.514606, -0.133393) in 0.01 seconds
2019-06-27 11:20:43,598 INFO osmnx Found nearest node (9521035) to point (51.515834000000005, -0.134474) in 0.01 seconds
2019-06-27 11:20:43,605 INFO osmnx Found nearest node (9521022) to point (51.515195, -0.135259) in 0.01 seconds
2019-06-27 11:20:43,611 INFO osmnx Found nearest node (9521022) to point (51.515149, -0.13539500000000002) in 0.01 seconds
2019-06-27 11:20:43,618 INFO osmnx Found nearest node (9791152) to point (51.514818, -0.136022) in 0.01 seconds
2019-06-27 11:20:43,624 INFO osmnx Found nearest node (4702603702) to point (51.514843, -0.136804) in 0.01 seconds
2019-06-27 11:20:43,630 INFO osmnx Found nearest node (4702603702) to point (51.514914000000005, -0.13658299999999998) in 0.01 seconds
2019-06-27 11:20:43,636 INFO osmnx Found nearest node (9791152) to point (51.514496, -0.135653) in 0.01 seconds
2019-06-27 11:20:43,643 INFO osmnx Found nearest node (25502544) to point (51.514743, -0.135578) in 0.01 seconds
2019-06-27 11:20:43,649 INFO osmnx Found nearest node (25502545) to point (51.514466999999996, -0.13485999999999998) in 0.01 seconds
2019-06-27 11:20:43,656 INFO osmnx Found nearest node (25501063) to point (51.514453, -0.13469) in 0.01 seconds
2019-06-27 11:20:43,662 INFO osmnx Found nearest node (25501016) to point (51.514845, -0.134818) in 0.01 seconds
2019-06-27 11:20:43,668 INFO osmnx Found nearest node (771982972) to point (51.514389, -0.135704) in 0.01 seconds
2019-06-27 11:20:43,675 INFO osmnx Found nearest node (25501184) to point (51.514399, -0.135561) in 0.01 seconds
2019-06-27 11:20:43,681 INFO osmnx Found nearest node (25501184) to point (51.514334999999996, -0.135649) in 0.01 seconds
2019-06-27 11:20:43,688 INFO osmnx Found nearest node (25501184) to point (51.514224, -0.135415) in 0.01 seconds
2019-06-27 11:20:43,694 INFO osmnx Found nearest node (25501184) to point (51.51422, -0.135576) in 0.01 seconds
2019-06-27 11:20:43,700 INFO osmnx Found nearest node (25501184) to point (51.514145, -0.135357) in 0.01 seconds
2019-06-27 11:20:43,707 INFO osmnx Found nearest node (25501184) to point (51.514108, -0.135475) in 0.01 seconds
2019-06-27 11:20:43,713 INFO osmnx Found nearest node (771982865) to point (51.514359000000006, -0.13622599999999999) in 0.01 seconds
2019-06-27 11:20:43,720 INFO osmnx Found nearest node (771982865) to point (51.514326000000004, -0.136328) in 0.01 seconds
2019-06-27 11:20:43,726 INFO osmnx Found nearest node (26866991) to point (51.514544, -0.136222) in 0.01 seconds
2019-06-27 11:20:43,733 INFO osmnx Found nearest node (9791152) to point (51.514569, -0.13611700000000002) in 0.01 seconds
2019-06-27 11:20:43,739 INFO osmnx Found nearest node (9791152) to point (51.514586, -0.13602999999999998) in 0.01 seconds
2019-06-27 11:20:43,746 INFO osmnx Found nearest node (26866991) to point (51.514612, -0.136266) in 0.01 seconds
2019-06-27 11:20:43,752 INFO osmnx Found nearest node (26866991) to point (51.514575, -0.13642100000000001) in 0.01 seconds
2019-06-27 11:20:43,758 INFO osmnx Found nearest node (21666019) to point (51.514507, -0.136935) in 0.01 seconds
2019-06-27 11:20:43,765 INFO osmnx Found nearest node (701608631) to point (51.514274, -0.136931) in 0.01 seconds
2019-06-27 11:20:43,771 INFO osmnx Found nearest node (701608631) to point (51.514293, -0.136799) in 0.01 seconds
2019-06-27 11:20:43,777 INFO osmnx Found nearest node (701608631) to point (51.514058, -0.13677999999999998) in 0.01 seconds
2019-06-27 11:20:43,784 INFO osmnx Found nearest node (701608631) to point (51.514148, -0.136696) in 0.01 seconds
2019-06-27 11:20:43,790 INFO osmnx Found nearest node (701608631) to point (51.513961, -0.136712) in 0.01 seconds
2019-06-27 11:20:43,797 INFO osmnx Found nearest node (25501182) to point (51.514027, -0.136123) in 0.01 seconds
2019-06-27 11:20:43,803 INFO osmnx Found nearest node (771982929) to point (51.514076, -0.135958) in 0.01 seconds
2019-06-27 11:20:43,810 INFO osmnx Found nearest node (771982929) to point (51.514096, -0.135883) in 0.01 seconds
2019-06-27 11:20:43,816 INFO osmnx Found nearest node (771982929) to point (51.514134000000006, -0.13578800000000002) in 0.01 seconds
2019-06-27 11:20:43,822 INFO osmnx Found nearest node (771982929) to point (51.514033000000005, -0.135849) in 0.01 seconds
2019-06-27 11:20:43,829 INFO osmnx Found nearest node (25501182) to point (51.513996, -0.136008) in 0.01 seconds
2019-06-27 11:20:43,836 INFO osmnx Found nearest node (25501182) to point (51.51396, -0.136099) in 0.01 seconds
2019-06-27 11:20:43,842 INFO osmnx Found nearest node (25501182) to point (51.513945, -0.13617) in 0.01 seconds
2019-06-27 11:20:43,849 INFO osmnx Found nearest node (21666011) to point (51.513821, -0.135485) in 0.01 seconds
2019-06-27 11:20:43,855 INFO osmnx Found nearest node (25501184) to point (51.513999, -0.135374) in 0.01 seconds
2019-06-27 11:20:43,862 INFO osmnx Found nearest node (21666011) to point (51.513795, -0.13558199999999998) in 0.01 seconds
2019-06-27 11:20:43,868 INFO osmnx Found nearest node (21666011) to point (51.513766, -0.135679) in 0.01 seconds
2019-06-27 11:20:43,874 INFO osmnx Found nearest node (21666011) to point (51.513726, -0.13581400000000002) in 0.01 seconds
2019-06-27 11:20:43,881 INFO osmnx Found nearest node (21666010) to point (51.513692, -0.135905) in 0.01 seconds
2019-06-27 11:20:43,887 INFO osmnx Found nearest node (21666010) to point (51.513672, -0.135992) in 0.01 seconds
2019-06-27 11:20:43,893 INFO osmnx Found nearest node (108073) to point (51.513603, -0.136217) in 0.01 seconds
2019-06-27 11:20:43,900 INFO osmnx Found nearest node (25473293) to point (51.513482, -0.136579) in 0.01 seconds
2019-06-27 11:20:43,906 INFO osmnx Found nearest node (25473293) to point (51.513458, -0.136675) in 0.01 seconds
2019-06-27 11:20:43,913 INFO osmnx Found nearest node (25473293) to point (51.513428999999995, -0.136764) in 0.01 seconds
2019-06-27 11:20:43,919 INFO osmnx Found nearest node (701608618) to point (51.513404, -0.136877) in 0.01 seconds
2019-06-27 11:20:43,926 INFO osmnx Found nearest node (25501289) to point (51.513359, -0.136953) in 0.01 seconds
2019-06-27 11:20:43,932 INFO osmnx Found nearest node (701608613) to point (51.513378, -0.13723) in 0.01 seconds
2019-06-27 11:20:43,939 INFO osmnx Found nearest node (25501182) to point (51.513855, -0.136651) in 0.01 seconds
2019-06-27 11:20:43,945 INFO osmnx Found nearest node (25501182) to point (51.513875, -0.13650299999999999) in 0.01 seconds
2019-06-27 11:20:43,952 INFO osmnx Found nearest node (1324710127) to point (51.513565, -0.13736700000000002) in 0.01 seconds
2019-06-27 11:20:43,958 INFO osmnx Found nearest node (1324710127) to point (51.513616, -0.13742200000000002) in 0.01 seconds
2019-06-27 11:20:43,965 INFO osmnx Found nearest node (1324710127) to point (51.513742, -0.137472) in 0.01 seconds
2019-06-27 11:20:43,971 INFO osmnx Found nearest node (499350858) to point (51.513918, -0.1383) in 0.01 seconds
2019-06-27 11:20:43,977 INFO osmnx Found nearest node (1324710127) to point (51.513771999999996, -0.137363) in 0.01 seconds
2019-06-27 11:20:43,984 INFO osmnx Found nearest node (25501340) to point (51.513502, -0.137995) in 0.01 seconds
2019-06-27 11:20:43,990 INFO osmnx Found nearest node (499350858) to point (51.513712, -0.138139) in 0.01 seconds
2019-06-27 11:20:43,997 INFO osmnx Found nearest node (499350858) to point (51.513644, -0.138239) in 0.01 seconds
2019-06-27 11:20:44,003 INFO osmnx Found nearest node (499350858) to point (51.513711, -0.138272) in 0.01 seconds
2019-06-27 11:20:44,010 INFO osmnx Found nearest node (2770153342) to point (51.514061, -0.13808299999999998) in 0.01 seconds
2019-06-27 11:20:44,016 INFO osmnx Found nearest node (4702603653) to point (51.514748, -0.13791199999999998) in 0.01 seconds
2019-06-27 11:20:44,022 INFO osmnx Found nearest node (4702603655) to point (51.514794, -0.137707) in 0.01 seconds
2019-06-27 11:20:44,029 INFO osmnx Found nearest node (21666019) to point (51.514526000000004, -0.13710799999999998) in 0.01 seconds
2019-06-27 11:20:44,035 INFO osmnx Found nearest node (9521025) to point (51.514706, -0.13706500000000002) in 0.01 seconds
2019-06-27 11:20:44,042 INFO osmnx Found nearest node (108070) to point (51.512311, -0.138474) in 0.01 seconds
2019-06-27 11:20:44,048 INFO osmnx Found nearest node (108070) to point (51.511998, -0.138123) in 0.01 seconds
2019-06-27 11:20:44,055 INFO osmnx Found nearest node (25473286) to point (51.511856, -0.137762) in 0.01 seconds
2019-06-27 11:21:05,480 INFO osmnx Begin plotting the graph...
2019-06-27 11:21:05,661 INFO osmnx Created GeoDataFrame "unnamed_edges" from graph in 0.18 seconds
2019-06-27 11:21:05,862 INFO osmnx Drew the graph edges in 0.07 seconds
2019-06-27 11:21:06,105 INFO osmnx Showed the plot in 0.18 seconds
2019-06-27 11:21:06,106 INFO osmnx Begin plotting the graph...
2019-06-27 11:21:06,225 INFO osmnx Created GeoDataFrame "unnamed_edges" from graph in 0.12 seconds
2019-06-27 11:21:06,430 INFO osmnx Drew the graph edges in 0.07 seconds
2019-06-27 11:21:06,670 INFO osmnx Showed the plot in 0.18 seconds
2019-06-27 11:21:06,671 INFO osmnx Begin plotting the graph...
2019-06-27 11:21:06,788 INFO osmnx Created GeoDataFrame "unnamed_edges" from graph in 0.12 seconds
2019-06-27 11:21:06,998 INFO osmnx Drew the graph edges in 0.07 seconds
2019-06-27 11:21:07,241 INFO osmnx Showed the plot in 0.18 seconds
